<?xml version="1.0" encoding="UTF-8"?>
<testng-results skipped="0" failed="1" ignored="0" total="1" passed="0">
  <reporter-output>
  </reporter-output>
  <suite name="Open Cart App Regression Suite" duration-ms="6893" started-at="2022-10-17T17:57:11 EDT" finished-at="2022-10-17T17:57:17 EDT">
    <groups>
    </groups>
    <test name="Login Test" duration-ms="6893" started-at="2022-10-17T17:57:11 EDT" finished-at="2022-10-17T17:57:17 EDT">
      <class name="com.qa.opencart.tests.LoginPageTest">
        <test-method status="PASS" signature="launchBrowser()[pri:0, instance:com.qa.opencart.tests.LoginPageTest@3270d194]" name="launchBrowser" is-config="true" duration-ms="5289" started-at="2022-10-17T17:57:11 EDT" finished-at="2022-10-17T17:57:16 EDT">
          <reporter-output>
          </reporter-output>
        </test-method> <!-- launchBrowser -->
        <test-method status="PASS" signature="navigateToLoginPage()[pri:0, instance:com.qa.opencart.tests.LoginPageTest@3270d194]" name="navigateToLoginPage" is-config="true" duration-ms="506" started-at="2022-10-17T17:57:16 EDT" finished-at="2022-10-17T17:57:16 EDT">
          <reporter-output>
          </reporter-output>
        </test-method> <!-- navigateToLoginPage -->
        <test-method status="FAIL" signature="doLoginTest()[pri:0, instance:com.qa.opencart.tests.LoginPageTest@3270d194]" name="doLoginTest" duration-ms="586" started-at="2022-10-17T17:57:16 EDT" finished-at="2022-10-17T17:57:17 EDT">
          <exception class="java.lang.AssertionError">
            <message>
              <![CDATA[expected [https://naveenautomationlabs.com/opencart/index.php?route=account/account] but found [https://naveenautomationlabs.com/opencart/index.php?route=account/login]]]>
            </message>
            <full-stacktrace>
              <![CDATA[java.lang.AssertionError: expected [https://naveenautomationlabs.com/opencart/index.php?route=account/account] but found [https://naveenautomationlabs.com/opencart/index.php?route=account/login]
at org.testng.Assert.fail(Assert.java:99)
at org.testng.Assert.failNotEquals(Assert.java:1037)
at org.testng.Assert.assertEqualsImpl(Assert.java:140)
at org.testng.Assert.assertEquals(Assert.java:122)
at org.testng.Assert.assertEquals(Assert.java:629)
at org.testng.Assert.assertEquals(Assert.java:639)
at com.qa.opencart.tests.LoginPageTest.doLoginTest(LoginPageTest.java:17)
at sun.reflect.NativeMethodAccessorImpl.invoke0(Native Method)
at sun.reflect.NativeMethodAccessorImpl.invoke(NativeMethodAccessorImpl.java:62)
at sun.reflect.DelegatingMethodAccessorImpl.invoke(DelegatingMethodAccessorImpl.java:43)
at java.lang.reflect.Method.invoke(Method.java:498)
at org.testng.internal.MethodInvocationHelper.invokeMethod(MethodInvocationHelper.java:133)
at org.testng.internal.TestInvoker.invokeMethod(TestInvoker.java:598)
at org.testng.internal.TestInvoker.invokeTestMethod(TestInvoker.java:173)
at org.testng.internal.MethodRunner.runInSequence(MethodRunner.java:46)
at org.testng.internal.TestInvoker$MethodInvocationAgent.invoke(TestInvoker.java:824)
at org.testng.internal.TestInvoker.invokeTestMethods(TestInvoker.java:146)
at org.testng.internal.TestMethodWorker.invokeTestMethods(TestMethodWorker.java:146)
at org.testng.internal.TestMethodWorker.run(TestMethodWorker.java:128)
at java.util.ArrayList.forEach(ArrayList.java:1259)
at org.testng.TestRunner.privateRun(TestRunner.java:794)
at org.testng.TestRunner.run(TestRunner.java:596)
at org.testng.SuiteRunner.runTest(SuiteRunner.java:377)
at org.testng.SuiteRunner.access$000(SuiteRunner.java:28)
at org.testng.SuiteRunner$SuiteWorker.run(SuiteRunner.java:418)
at org.testng.internal.thread.ThreadUtil.lambda$execute$0(ThreadUtil.java:64)
at java.util.concurrent.FutureTask.run(FutureTask.java:266)
at java.util.concurrent.ThreadPoolExecutor.runWorker(ThreadPoolExecutor.java:1149)
at java.util.concurrent.ThreadPoolExecutor$Worker.run(ThreadPoolExecutor.java:624)
at java.lang.Thread.run(Thread.java:750)
]]>
            </full-stacktrace>
          </exception> <!-- java.lang.AssertionError -->
          <reporter-output>
          </reporter-output>
        </test-method> <!-- doLoginTest -->
        <test-method status="PASS" signature="tearDown()[pri:0, instance:com.qa.opencart.tests.LoginPageTest@3270d194]" name="tearDown" is-config="true" duration-ms="109" started-at="2022-10-17T17:57:17 EDT" finished-at="2022-10-17T17:57:17 EDT">
          <reporter-output>
          </reporter-output>
        </test-method> <!-- tearDown -->
      </class> <!-- com.qa.opencart.tests.LoginPageTest -->
    </test> <!-- Login Test -->
  </suite> <!-- Open Cart App Regression Suite -->
</testng-results>
